<?xml version="1.0" encoding="UTF-8"?>
<!-- Generated by org.testng.reporters.JUnitReportReporter -->
<testsuite skipped="0" hostname="HAAWAD-JYDJN" name="edu.birzeit.DepartmentsSerivceTest" tests="8" failures="1" timestamp="29 Sep 2018 11:47:45 GMT" time="0.105" errors="0">
  <testcase name="deleteDepartmentTest_faiulre" time="0.000" classname="edu.birzeit.DepartmentsSerivceTest"/>
  <testcase name="demoSpyFeature" time="0.036" classname="edu.birzeit.DepartmentsSerivceTest"/>
  <testcase name="demoOrderVerification" time="0.036" classname="edu.birzeit.DepartmentsSerivceTest">
    <failure type="org.mockito.exceptions.verification.VerificationInOrderFailure" message="
Verification in order failure
Wanted but not invoked:
departmentHibernateDAO.demoenstrateSpy(
    &lt;any&gt;
);
-&gt; at edu.birzeit.DepartmentsSerivceTest.demoOrderVerification(DepartmentsSerivceTest.java:158)
Wanted anywhere AFTER following interaction:
departmentHibernateDAO.demoenstrateSpy(&quot;2&quot;);
-&gt; at edu.birzeit.DepartmentsSerivceTest.demoOrderVerification(DepartmentsSerivceTest.java:154)
">
      <![CDATA[org.mockito.exceptions.verification.VerificationInOrderFailure: Verification in order failureWanted but not invoked:departmentHibernateDAO.demoenstrateSpy(    <any>);-> at edu.birzeit.DepartmentsSerivceTest.demoOrderVerification(DepartmentsSerivceTest.java:158)Wanted anywhere AFTER following interaction:departmentHibernateDAO.demoenstrateSpy("2");-> at edu.birzeit.DepartmentsSerivceTest.demoOrderVerification(DepartmentsSerivceTest.java:154)at edu.birzeit.DepartmentsSerivceTest.demoOrderVerification(DepartmentsSerivceTest.java:158)at sun.reflect.NativeMethodAccessorImpl.invoke0(Native Method)at sun.reflect.NativeMethodAccessorImpl.invoke(NativeMethodAccessorImpl.java:62)at sun.reflect.DelegatingMethodAccessorImpl.invoke(DelegatingMethodAccessorImpl.java:43)at java.lang.reflect.Method.invoke(Method.java:498)at org.testng.internal.MethodInvocationHelper.invokeMethod(MethodInvocationHelper.java:124)at org.testng.internal.Invoker.invokeMethod(Invoker.java:571)at org.testng.internal.Invoker.invokeTestMethod(Invoker.java:707)at org.testng.internal.Invoker.invokeTestMethods(Invoker.java:979)at org.testng.internal.TestMethodWorker.invokeTestMethods(TestMethodWorker.java:125)at org.testng.internal.TestMethodWorker.run(TestMethodWorker.java:109)at org.testng.TestRunner.privateRun(TestRunner.java:648)at org.testng.TestRunner.run(TestRunner.java:505)at org.testng.SuiteRunner.runTest(SuiteRunner.java:455)at org.testng.SuiteRunner.runSequentially(SuiteRunner.java:450)at org.testng.SuiteRunner.privateRun(SuiteRunner.java:415)at org.testng.SuiteRunner.run(SuiteRunner.java:364)at org.testng.SuiteRunnerWorker.runSuite(SuiteRunnerWorker.java:52)at org.testng.SuiteRunnerWorker.run(SuiteRunnerWorker.java:84)at org.testng.TestNG.runSuitesSequentially(TestNG.java:1187)at org.testng.TestNG.runSuitesLocally(TestNG.java:1116)at org.testng.TestNG.runSuites(TestNG.java:1028)at org.testng.TestNG.run(TestNG.java:996)at org.testng.remote.AbstractRemoteTestNG.run(AbstractRemoteTestNG.java:114)at org.testng.remote.RemoteTestNG.initAndRun(RemoteTestNG.java:251)at org.testng.remote.RemoteTestNG.main(RemoteTestNG.java:77)]]>
    </failure>
  </testcase> <!-- demoOrderVerification -->
  <testcase name="searchDepartmentTest" time="0.004" classname="edu.birzeit.DepartmentsSerivceTest"/>
  <testcase name="searchDepartmentTest_faiulre" time="0.009" classname="edu.birzeit.DepartmentsSerivceTest"/>
  <testcase name="demoSpyFeature2" time="0.000" classname="edu.birzeit.DepartmentsSerivceTest"/>
  <testcase name="deleteDepartmentTest" time="0.020" classname="edu.birzeit.DepartmentsSerivceTest"/>
  <testcase name="searchDepartmentTest2" time="0.000" classname="edu.birzeit.DepartmentsSerivceTest"/>
</testsuite> <!-- edu.birzeit.DepartmentsSerivceTest -->
