<?xml version="1.0" encoding="UTF-8"?>
<!-- Generated by org.testng.reporters.JUnitReportReporter -->
<testsuite skipped="0" hostname="HAAWAD-JYDJN" name="edu.birzeit.DepartmentsSerivceT" tests="8" failures="0" timestamp="28 Sep 2018 21:03:49 GMT" time="0.095" errors="0">
  <testcase name="deleteDepartmentTest_faiulre" time="0.000" classname="edu.birzeit.DepartmentsSerivceT"/>
  <testcase name="searchDepartmentTest2" time="0.004" classname="edu.birzeit.DepartmentsSerivceT"/>
  <testcase name="searchDepartmentTest_faiulre" time="0.007" classname="edu.birzeit.DepartmentsSerivceT"/>
  <testcase name="demoSpyFeature" time="0.028" classname="edu.birzeit.DepartmentsSerivceT"/>
  <testcase name="demoOrderVerification" time="0.032" classname="edu.birzeit.DepartmentsSerivceT"/>
  <testcase name="searchDepartmentTest" time="0.004" classname="edu.birzeit.DepartmentsSerivceT"/>
  <testcase name="demoSpyFeature2" time="0.000" classname="edu.birzeit.DepartmentsSerivceT"/>
  <testcase name="deleteDepartmentTest" time="0.020" classname="edu.birzeit.DepartmentsSerivceT"/>
</testsuite> <!-- edu.birzeit.DepartmentsSerivceT -->
